insert into test(t1, t2) valuse ('t11', 't22')
insert into test(t1, t2) valuse ('t11', 't22');
insert into test(t1, t2) valuse ('t11', 't22');
insert into test (t1, t2) valuse ('t11', 't22');
insert into test(t1, t2) valuse('t11', 't22');
insert into test(t1, t2) valuse('t11', 't22');
insert into test(t1, t2) valuse('t11', 't22');
insert into test(t1, t2) valuse('t11', 't22');
insert into test(t1, t2) values('t11', 't22');
insert into test(t1, t2) values('t1\'\'1', 't2\'2');
insert into test(t1, t2) values('', '');
insert into test(t1, t2) values('', '');
insert into test(t1, t2) values('999', '888');
insert into test(t1, t2) values('', '');
insert into test(t1, t2) values('', '');
insert into test(t1, t2) values('', '');
insert into test(t1, t2) values('', '');
insert into test(t1, t2) values('', '');
insert into category() values (''
insert into category() values (''
insert into category(cat_name,parent_id,intro) values ('aaa','0','bbb'
insert into category(cat_name,parent_id,intro) values ('aaa','0','bbb');
select * from category;
select * from category;
select * from category;
select * from category;
select * from category;
select * from category;
select * from category;
select * from category;
select * from category;
select * from category;
select * from category;
select * from category;
select * from category;
select * from category;
select * from category;
insert into category(cat_name,parent_id,intro) values ('ç”·å£«æœè£…','0','ç”·å£«æœè£…å¥½æ ·çš„');
insert into category(cat_name,parent_id,intro) values ('å¥³å£«æœè£…','0','å¥³å£«æœè£…å¥½æ ·çš„');
select * from category;
insert into category(cat_name,parent_id,intro) values ('ç”·å£«æœé¥°','0','ç”·å£«æœé¥°æ æ çš„');
insert into category(cat_name,parent_id,intro) values ('å¥³å£«æœé¥°','0','å¥³å£«æœé¥°æ æ çš„');
select * from category;
select * from category;
select * from category;
select * from category;
select * from category;
select * from category;
select * from category;
select * from category;
select * from category;
select * from category;
select * from category;
select * from category;
select * from category;
select * from category;
select * from category;
select * from category;
select * from category;
select * from category;
select * from category;
select * from category;
select * from category;
select * from category;
select * from category;
select * from category;
select * from category;
select * from category;
select * from category;
select * from category;
select * from category;
select * from category;
select * from category;
select * from category;
select * from category;
select * from category;
select * from category;
select * from category;
select * from category;
select * from category;
select * from category;
select * from category;
select * from category;
select * from category;
select * from category;
select * from category;
select * from category;
select * from category;
select * from category;
select * from category;
select * from category;
select * from category;
select * from category;
select * from category;
select * from category;
select * from category;
select * from category;
select * from category;
select * from category;
select * from category;
select * from category;
select * from category;
select * from category;
select * from category;
select * from category;
select * from category;
select * from category;
select * from category;
select * from category;
select * from category;
select * from category;
select * from category;
select * from category;
select * from category;
select * from category;
insert into test(t1, t2) values('', '');
select * from category;
select * from category;
select * from category;
select * from category;
select * from category;
select * from category;
select * from category;
select * from category;
select * from category;
select * from category;
select * from category;
select * from category;
select * from category;
select * from category;
select * from category;
select * from category;
select * from category;
select * from category;
delete from category where cat_id = 1;
select * from category;
delete from category where cat_id = 4;
select * from category;
select * from category;
delete from category where cat_id = 2;
select * from category;
select * from category;
insert into category(cat_name,parent_id,intro) values ('ç”·å£«æ­£è£…','0','ðŸ˜„');
select * from category;
select * from category;
select * from category;
insert into category(cat_name,parent_id,intro) values ('ç”·å£«æ­£è£…','0','å¾ˆåˆ°ä½');
select * from category;
select * from category;
insert into category(cat_name,parent_id,intro) values ('ç”·å£«æœé¥°','0','');
select * from category;
delete from category where cat_id = 5;
select * from category;
select * from category;
insert into category(cat_name,parent_id,intro) values ('ç”·å£«æ­£è£…','0','666');
select * from category;
delete from category where cat_id = 7;
select * from category;
select * from category;
insert into category(cat_name,parent_id,intro) values ('ç”·å£«æ­£è£…','$value[\'id\']','6666');
select * from category;
select * from category;
insert into category(cat_name,parent_id,intro) values ('ç”·å£«æ­£è£…','$value[\'id\']','6666');
select * from category;
delete from category where cat_id = 6;
select * from category;
select * from category;
insert into category(cat_name,parent_id,intro) values ('ç”·å£«æœé¥°','0','1111');
select * from category;
select * from category;
insert into category(cat_name,parent_id,intro) values ('ç”·å£«æ­£è£…','$value[\'cat_id\']','666');
select * from category;
select * from category;
select * from category;
select * from category;
insert into category(cat_name,parent_id,intro) values ('ç”·å£«æ­£è£…','0','');
select * from category;
delete from category where cat_id = 9;
select * from category;
select * from category;
insert into category(cat_name,parent_id,intro) values ('ç”·å£«æ­£è£…','','ç­‰ç­‰ç­‰');
select * from category;
select * from category;
insert into category(cat_name,parent_id,intro) values ('å¤©å¤©','','å•Šç­‰ ');
select * from category;
select * from category;
select * from category;
insert into category(cat_name,parent_id,intro) values ('sss','','ddd');
select * from category;
select * from category;
select * from category;
select * from category;
select * from category;
select * from category;
select * from category;
select * from category;
insert into category(cat_name,parent_id,intro) values ('ç”·å£«æ­£è£…','8','666');
select * from category;
select * from category;
select * from category;
insert into category(cat_name,parent_id,intro) values ('ç”·å£«æ­£è£…','0','1111');
select * from category;
select * from category;
insert into category(cat_name,parent_id,intro) values ('ç”·å£«å•†åŠ¡','1','222');
select * from category;
select * from category;
delete from category where cat_id = 2;
select * from category;
select * from category;
select * from category;
select * from category;
select * from category;
select * from category where cat_id = 1;
select * from category;
select * from category;
select * from category where cat_id = 1;
select * from category;
select * from category where cat_id = 1;
select * from category;
select * from category where cat_id = 1;
select * from category;
select * from category where cat_id = 1;
select * from category;
select * from category;
select * from category where cat_id = 1;
select * from category where cat_id = 1;
select * from category;
select * from category where cat_id = 1;
select * from category;
select * from category where cat_id = 1;
select * from category;
select * from category where cat_id = 1;
select * from category;
select * from category where cat_id = 1;
select * from category where cat_id = 1;
select * from category;
select * from category where cat_id = 1;
select * from category;
select * from category;
select * from category;
select * from category where cat_id = 1;
select * from category;
insert into category(cat_name,parent_id,intro) values ('ç”·å£«å•†åŠ¡','1','1111');
select * from category;
select * from category where cat_id = 3;
select * from category;
select * from category;
select * from category where cat_id = 1;
select * from category;
select * from category;
select * from category where cat_id = 3;
select * from category;
select * from category;
select * from category;
insert into category(cat_name,parent_id,intro) values ('ç”·å£«æ ¡æœ','1','ddd');
select * from category;
select * from category;
select * from category where cat_id = 4;
select * from category;
select * from category where cat_id = 4;
select * from category;
select * from category;
select * from category where cat_id = 4;
select * from category;
select * from category;
select * from category where cat_id = 4;
select * from category;
select * from category;
select * from category where cat_id = 4;
select * from category;
select * from category;
select * from category;
select * from category where cat_id = 4;
select * from category;
select * from category;
select * from category where cat_id = 4;
select * from category;
select * from category;
select * from category where cat_id = 4;
select * from category;
select * from category;
select * from category where cat_id = 4;
select * from category;
select * from category;
select * from category where cat_id = 4;
select * from category;
select * from category;
select * from category where cat_id = 4;
select * from category;
select * from category;
select * from category;
select * from category where cat_id = 4;
select * from category;
select * from category;
select * from category where cat_id = 4;
select * from category;
select * from category;
select * from category where cat_id = 4;
select * from category;
select * from category;
select * from category where cat_id = 4;
select * from category;
select * from category;
select * from category where cat_id = 4;
select * from category;
select * from category;
select * from category where cat_id = 4;
select * from category;
select * from category;
select * from category where cat_id = 4;
select * from category;
select * from category;
select * from category;
select * from category where cat_id = 4;
select * from category;
select * from category;
select * from category;
select * from category where cat_id = 4;
select * from category;
select * from category;
select * from category where cat_id = 4;
select * from category;
select * from category;
select * from category where cat_id = 4;
select * from category;
select * from category;
select * from category where cat_id = 4;
select * from category;
select * from category;
select * from category where cat_id = 4;
select * from category;
update category setcat_name=wawaç”·å£«æ ¡æœ,parent_id=1,intro=dddwhere cat_id=4
select * from category;
select * from category where cat_id = 4;
select * from category;
update category setcat_name=wwwç”·å£«æ ¡æœ,parent_id=1,intro=ddd where cat_id=4
select * from category;
select * from category where cat_id = 4;
select * from category;
update category setcat_name=wawaç”·å£«æ ¡æœ,parent_id=1,intro=ddd where cat_id=4;
select * from category;
select * from category where cat_id = 4;
select * from category;
update category setcat_name='wwç”·å£«æ ¡æœ',parent_id='1',intro='ddd' where cat_id=4
select * from category;
select * from category where cat_id = 4;
select * from category;
update category setcat_name='waç”·å£«æ ¡æœ',parent_id='1',intro='ddd' where cat_id='4'
select * from category;
select * from category where cat_id = 4;
select * from category;
update category setcat_name='wawç”·å£«æ ¡æœ',parent_id='1',intro='ddd' where cat_id='4''
select * from category;
select * from category where cat_id = 4;
select * from category;
update category setcat_name='wawç”·å£«æ ¡æœ',parent_id='1',intro='ddd' where cat_id='4';
select * from category;
select * from category where cat_id = 4;
select * from category;
update category set cat_name='waç”·å£«æ ¡æœ',parent_id='1',intro='ddd' where cat_id='4';
select * from category;
select * from category;
select * from category;
select * from category where cat_id = 4;
select * from category;
update category set cat_name='hahahç”·å£«æ ¡æœ',parent_id='1',intro='ddd' where cat_id=4;
select * from category;
select * from category where cat_id = 4;
select * from category;
update category set cat_name='dasdasahç”·å£«æ ¡æœ',parent_id='1',intro='dasdas' where cat_id=4;
select * from category;
select * from category;
select * from category where cat_id = 4;
select * from category;
update category set cat_name='dddddddsadas',parent_id='1',intro='dasdas' where cat_id=4;
select * from category;
select * from category;
select * from category where cat_id = 4;
select * from category;
insert into test(t1, t2) values('', '');
insert into test(t1, t2) values('', '');
insert into test(t1, t2) values('', '');
insert into test(t1, t2) values('', '');
insert into test(t1, t2) values('', '');
select * from category;
select * from category;
select * from category;
select * from category;
select * from category where cat_id = 1;
select * from category;
select * from category where cat_id = 1;
select * from category;
select * from category;
select * from category where cat_id = 1;
select * from category;
select * from category;
select * from category where cat_id = 1;
select * from category;
select * from category;
select * from category where cat_id = 1;
select * from category;
select * from category;
select * from category where cat_id = 1;
select * from category;
select * from category;
select * from category where cat_id = 1;
select * from category;
select * from category;
select * from category where cat_id = 1;
select * from category;
select * from category;
select * from category;
select * from category where cat_id = 4;
select * from category;
select * from category;
select * from category;
select * from category where cat_id = 1;
select * from category;
select * from category;
update category set cat_name='ç”·å£«æ­£è£…x',parent_id='3',intro='x' where cat_id=1;
select * from category;
select * from category;
select * from category;
select * from category;
select * from category;
select * from category;
select * from category;
select * from category;
select * from category;
select * from category;
select * from category;
select * from category;
select * from category;
select * from category;
select * from category;
select * from category;
insert into category(cat_name,parent_id,intro) values ('æ­£è£…','0','');
select * from category;
select * from category;
insert into category(cat_name,parent_id,intro) values ('ç”·å£«æ­£è£…','1','');
select * from category;
select * from category;
insert into category(cat_name,parent_id,intro) values ('å¥³å£«æ­£è£…','1','');
select * from category;
select * from category;
insert into category(cat_name,parent_id,intro) values ('è¥¿è£¤','2','');
select * from category;
select * from category;
insert into category(cat_name,parent_id,intro) values ('poloè¡«','2','');
select * from category;
select * from category;
insert into category(cat_name,parent_id,intro) values ('åŒ…è‡€è£™','3','');
select * from category;
select * from category;
insert into category(cat_name,parent_id,intro) values ('è¡¬è¡«','3','');
select * from category;
select * from category;
select * from category where cat_id = 3;
select * from category;
select * from category;
update category set cat_name='å¥³å£«æ­£è£…å¹¿å‘Š',parent_id='7',intro='å¹¿å‘Š' where cat_id=3;
select * from category;
select * from category where cat_id = 1;
select * from category;
select * from category;
select * from category;
select * from category where cat_id = 5;
select * from category;
select * from category;
select * from category where cat_id = 1;
select * from category;
select * from category;
select * from category;
select * from category where cat_id = 2;
select * from category;
select * from category;
select * from category;
select * from category;
select * from category;
insert into category(cat_name,parent_id,intro) values ('è£¤å­','4','');
select * from category;
select * from category where cat_id = 8;
select * from category;
select * from category;
select * from category;
select * from category;
select * from category where cat_id = 1;
select * from category;
select * from category;
select * from category;
select * from category where cat_id = 1;
select * from category;
select * from category;
select * from category;
update category set cat_name='æ­£è£…SS',parent_id='0',intro='ss' where cat_id=1;
select * from category;
select * from category;
select * from category;
select * from category where cat_id = 5;
select * from category;
select * from category;
delete from category where cat_id = 5;
select * from category;
select * from category;
select * from category;
select * from category;
select * from category;
select * from category;
select * from category;
insert into goods(goods_name,goods_sn,cat_id,shop_price,market_price,goods_desc,goods_weight,is_best,is_new,is_hot,is_on_sale,goods_brief,add_time) values ('ç¾Žå¥³','','0','110','1110','å¥½çœ‹çš„ç¾Žå¥³','50','1','1','0','1','éžå¸¸å¥½','1468058635');
select * from category;
select * from category;
select * from category;
insert into category(cat_name,parent_id,intro) values ('æ­£è£…','0','');
select * from category;
select * from category;
insert into category(cat_name,parent_id,intro) values ('ç”·å£«æ­£è£…','1','');
select * from category;
select * from category;
select * from category;
select * from category;
insert into category(cat_name,parent_id,intro) values ('å¥³å£«æ­£è£…','1','');
select * from category;
select * from category where    = 2;
select * from category;
select * from category;
select * from category where    = 2;
select * from category;
select * from category where    = 1;
select * from category;
select * from category where    = 1;
select * from category;
select * from category where    = 1;
select * from category;
select * from category;
select * from category where  cat_id  = 1;
select * from category;
select * from category;
update category set cat_name='æ­£è£…hao',parent_id='0',intro='' where $this->pk = $cat_id;
select * from category;
select * from category;
select * from category;
select * from category;
select * from category where  cat_id  = 1;
select * from category;
select * from category;
update category set cat_name='ä¼˜é›…æ­£è£…',parent_id='0',intro='' where cat_id=1;
select * from category;
select * from goods
select * from category;
select * from goods
select * from goods
select * from goods
update goods set is_delete='1' where goods_id=;
select * from category;
select * from goods
select * from category;
select * from goods
update goods set is_delete='1' where goods_id=1;
select * from category;
select * from goods
select * from goods where is_delete = 0;
select * from category;
select * from goods where is_delete = 0;
select * from category;
select * from category;
select * from category;
select * from goods where is_delete = 1;
select * from goods where is_delete = 0;
select * from goods where is_delete = 1;
